<?xml version="1.0" encoding="UTF-8"?>
<testng-results ignored="0" total="1" passed="1" failed="0" skipped="0">
  <reporter-output>
  </reporter-output>
  <suite started-at="2022-11-08T10:43:07 IST" name="Default suite" finished-at="2022-11-08T10:43:10 IST" duration-ms="2584">
    <groups>
    </groups>
    <test started-at="2022-11-08T10:43:07 IST" name="Default test" finished-at="2022-11-08T10:43:10 IST" duration-ms="2584">
      <class name="project.GetUserRestAssured">
        <test-method signature="getRequest()[pri:0, instance:project.GetUserRestAssured@1c742ed4]" started-at="2022-11-08T10:43:07 IST" name="getRequest" finished-at="2022-11-08T10:43:10 IST" duration-ms="2546" status="PASS">
          <reporter-output>
          </reporter-output>
        </test-method> <!-- getRequest -->
      </class> <!-- project.GetUserRestAssured -->
    </test> <!-- Default test -->
  </suite> <!-- Default suite -->
</testng-results>
